
startTime = 25/09/2024 15:11:27
===================SET UP=====================
nPars = 2
nOuts = 2
nObjs = 2
nSam = 2000
deltaNSams = [2000]
nNN = 1
minN = 5
maxN = 20
nHidLay = 3
tol = 1e-05
iMax = 3
dRN = 1
nComps = 16
nSeeds = 1
trainPro = 75
valPro = 15
testPro = 10
kMax = 10000
rEStop = 1e-05
nValFails = 30
pMin = 0.0
pMax = 1.0
offSize = 100
popSize = 100
nGens = 250

Starting iteration 1
Using 2000 training samples, 399 validation samples and 268 testSamples
Created net 2_14_11_14_2
Iteration 1 - Training finished 
Iteration 1 - Best DNN found 2_14_11_14_2
Doing CFD check no. 0 with parameters [0.26346180758411564, 1.5867976026544852e-10]
no. 0 ANN outs were [0.6008271629662632, 0.07073773707481723]
no. 0 CFD outs were [0.6012979098907244, 0.0545151588725832] delta 0.01669332512669528
CFD check no. 0 done
Doing CFD check no. 1 with parameters [0.4121621130260029, 6.323911667368857e-05]
no. 1 ANN outs were [0.7990247836350166, 0.01992910922029112]
no. 1 CFD outs were [0.738343188759529, 0.14534471715134822] delta 0.18609720280654474
CFD check no. 1 done
Doing CFD check no. 2 with parameters [0.25817298659383625, 3.009466272158867e-13]
no. 2 ANN outs were [0.5382909453099931, 0.07671645163147]
no. 2 CFD outs were [0.5391094623489671, 0.05691620925361797] delta 0.02061875941682599
CFD check no. 2 done
Doing CFD check no. 5 with parameters [0.46155051965867555, 9.575977755053798e-05]
no. 5 ANN outs were [1.0016749802982363, -0.008265825807139304]
no. 5 CFD outs were [0.9813690681288746, 0.1391137269519013] delta 0.16768546492840233
CFD check no. 5 done
Doing CFD check no. 6 with parameters [0.402551053052952, 2.56459847138308e-12]
no. 6 ANN outs were [0.7708003440635727, 0.04699162462218309]
no. 6 CFD outs were [0.7758773006498552, 0.03193371628521056] delta 0.020134864923255023
CFD check no. 6 done
Doing CFD check no. 3 with parameters [0.05860022238491709, 5.83133328278373e-12]
no. 3 ANN outs were [0.4413458753843639, 0.08562449702936248]
no. 3 CFD outs were [0.441195886671253, 0.06687824308803594] delta 0.01889624265443743
CFD check no. 3 done
Doing CFD check no. 4 with parameters [0.10496972726022508, 2.2718145663370448e-15]
no. 4 ANN outs were [0.453466443934559, 0.08437310148277377]
no. 4 CFD outs were [0.45325253924641823, 0.0641795939453624] delta 0.02040741222555212
CFD check no. 4 done
Doing CFD check no. 8 with parameters [0.4484570193489573, 9.575977755053798e-05]
no. 8 ANN outs were [0.9562092188018152, -0.007779590391937763]
no. 8 CFD outs were [0.9266781044150596, 0.14318401241811715] delta 0.1804947171968105
CFD check no. 8 done
Doing CFD check no. 7 with parameters [0.2646428588733273, 2.2021686182158954e-08]
no. 7 ANN outs were [0.6169508705616387, 0.06947146161049056]
no. 7 CFD outs were [0.6172981323601723, 0.0643563947613587] delta 0.005462328647665479
CFD check no. 7 done
Doing CFD check no. 13 with parameters [0.10002660104364444, 3.1689015107414905e-11]
no. 13 ANN outs were [0.30998197999450905, 0.09453747521481914]
no. 13 CFD outs were [0.3110551079504295, 0.07810121850341831] delta 0.0175093846673213
CFD check no. 13 done
Doing CFD check no. 10 with parameters [0.07269924790958268, 0.0]
no. 10 ANN outs were [0.07847574727140914, 0.10710906577629342]
no. 10 CFD outs were [0.07925244175779195, 0.08960630758873993] delta 0.018279452673936297
CFD check no. 10 done
Doing CFD check no. 14 with parameters [0.06255246977801651, 1.3628180913769725e-12]
no. 14 ANN outs were [0.32451359729060636, 0.09358172143572041]
no. 14 CFD outs were [0.3251165958317082, 0.07560222542168389] delta 0.01858249455513837
CFD check no. 14 done
Doing CFD check no. 9 with parameters [0.2678932823905621, 4.0528253482337904e-14]
no. 9 ANN outs were [0.663787223281354, 0.06480916439774775]
no. 9 CFD outs were [0.6637632168791894, 0.04364747064843526] delta 0.021185700151477097
CFD check no. 9 done
Doing CFD check no. 15 with parameters [0.0871558675558762, 1.802645993698042e-10]
no. 15 ANN outs were [0.033429322186229266, 0.10946007224488219]
no. 15 CFD outs were [0.03403762429392051, 0.09535785453176139] delta 0.014710519820812042
CFD check no. 15 done
Doing CFD check no. 11 with parameters [0.43275834971336957, 0.00010378994513177936]
no. 11 ANN outs were [0.8802472562834607, -0.0064803335420187125]
no. 11 CFD outs were [0.8139615839343711, 0.15326257604319893] delta 0.2260285819343072
CFD check no. 11 done
Doing CFD check no. 12 with parameters [0.2669369019822728, 1.3212305024493984e-14]
no. 12 ANN outs were [0.6497225463872436, 0.06613526061175512]
no. 12 CFD outs were [0.6498079219877757, 0.04501524044129492] delta 0.02120539577099232
CFD check no. 12 done
Last residual - 0.06087449046876085

Starting iteration 2
Using 4000 training samples, 799 validation samples and 535 testSamples
Error of best DNN from last iteration is 0.004988392359186559
Created net 2_15_12_11_2
Iteration 2 - Training finished 
Iteration 2 - Best DNN found 2_15_12_11_2
Doing CFD check no. 1 with parameters [0.09265954729859356, 5.225404883331488e-11]
no. 1 ANN outs were [0.1242722560780618, 0.09465434163771569]
no. 1 CFD outs were [0.12562839532422754, 0.0899913134047025] delta 0.006019167479178925
CFD check no. 1 done
Doing CFD check no. 0 with parameters [0.04599712271865962, 4.1261521970188476e-14]
no. 0 ANN outs were [0.7738804601877478, 0.03821186607779792]
no. 0 CFD outs were [0.772828985376986, 0.031048140114469717] delta 0.008215200774090044
CFD check no. 0 done
Doing CFD check no. 2 with parameters [0.5274037098229647, 1.6967064035692458e-13]
no. 2 ANN outs were [0.9380286256728618, 0.0037075381305746724]
no. 2 CFD outs were [0.9975527595107672, 0.0015188349397101228] delta 0.06171283702876988
CFD check no. 2 done
Doing CFD check no. 3 with parameters [0.08147603419099725, 0.4324036723313167]
no. 3 ANN outs were [-0.003087999321599977, 0.8370625917990697]
no. 3 CFD outs were [3.26586844339759e-07, 0.8383700542481634] delta 0.004395788357537949
CFD check no. 3 done
Doing CFD check no. 4 with parameters [0.08371597364671197, 0.9034116926091732]
no. 4 ANN outs were [-0.02843503535760128, 0.980277537720283]
no. 4 CFD outs were [0.005423691882519424, 0.9877989753174953] delta 0.04138016483733295
CFD check no. 4 done
Doing CFD check no. 5 with parameters [0.10453429453777303, 2.760090351782958e-13]
no. 5 ANN outs were [0.44230166543571925, 0.0690097760380719]
no. 5 CFD outs were [0.4406547544980839, 0.06590567542269853] delta 0.0047510115530087355
CFD check no. 5 done
Doing CFD check no. 6 with parameters [0.047916832843299874, 8.197517474146418e-11]
no. 6 ANN outs were [0.731962918388138, 0.042566896519605546]
no. 6 CFD outs were [0.7307401720799265, 0.039855435207867995] delta 0.003934207619949059
CFD check no. 6 done
Doing CFD check no. 9 with parameters [0.10219958479863633, 3.0376978227378e-13]
no. 9 ANN outs were [0.37420625042552524, 0.0745177082348718]
no. 9 CFD outs were [0.3730521202195078, 0.07152965833195031] delta 0.00414218010893895
CFD check no. 9 done
Doing CFD check no. 10 with parameters [0.1015453423375877, 7.289417778975168e-15]
no. 10 ANN outs were [0.35520248358178086, 0.07604727679100742]
no. 10 CFD outs were [0.35422922263098466, 0.07247871091423483] delta 0.00454182682756879
CFD check no. 10 done
Doing CFD check no. 7 with parameters [0.0817675441160511, 0.06598727768313949]
no. 7 ANN outs were [-0.00024255697009634147, 0.5631403136018669]
no. 7 CFD outs were [0.00010234847115067658, 0.5610907046852532] delta 0.0023945143578606724
CFD check no. 7 done
Doing CFD check no. 8 with parameters [0.03968667540762434, 1.9817435133334403e-13]
no. 8 ANN outs were [0.8823177142981031, 0.026423127675839098]
no. 8 CFD outs were [0.8824759225763357, 0.01748974199244725] delta 0.00909159396162439
CFD check no. 8 done
Doing CFD check no. 14 with parameters [0.0815200138958914, 0.12768335142627973]
no. 14 ANN outs were [-0.0029907951202152727, 0.640744091663584]
no. 14 CFD outs were [4.102782318472564e-06, 0.6440559878597688] delta 0.006306794098718517
CFD check no. 14 done
Doing CFD check no. 13 with parameters [0.0818048193633864, 0.0006395205511726198]
no. 13 ANN outs were [8.888604435486336e-05, 0.23775133543482418]
no. 13 CFD outs were [0.0001284676991755635, 0.2426269713921501] delta 0.004915217612146602
CFD check no. 13 done
Doing CFD check no. 11 with parameters [0.09847119523873335, 3.722269722518257e-13]
no. 11 ANN outs were [0.2679839170855527, 0.08304695961281627]
no. 11 CFD outs were [0.2679831942390504, 0.07933697324933559] delta 0.003710709209982954
CFD check no. 11 done
Doing CFD check no. 12 with parameters [0.054131734103135674, 8.392030226667966e-14]
no. 12 ANN outs were [0.5715551965908501, 0.05841455063173129]
no. 12 CFD outs were [0.5708180250194315, 0.05352889066112167] delta 0.0056228315420282365
CFD check no. 12 done
Doing CFD check no. 15 with parameters [0.08155358063671722, 1.8446741405281074e-05]
no. 15 ANN outs were [0.00014184815883688806, 0.1563869298975038]
no. 15 CFD outs were [9.762684237915882e-06, 0.15578906189341316] delta 0.0007299534786896181
CFD check no. 15 done
Last residual - 0.010741499927964143

Starting iteration 3
Using 6000 training samples, 1200 validation samples and 800 testSamples
Error of best DNN from last iteration is 0.021805779929639092
Created net 2_14_11_12_2
Iteration 3 - Training finished 
Iteration 3 - Best DNN found 2_14_11_12_2
Doing CFD check no. 0 with parameters [0.10002279848229491, 3.910297955022091e-10]
no. 0 ANN outs were [0.3108566916847699, 0.07741079899304948]
no. 0 CFD outs were [0.3109481985127874, 0.08044939710220088] delta 0.003130104937168851
CFD check no. 0 done
Doing CFD check no. 1 with parameters [0.0889870673291393, 1.9735218510137373e-08]
no. 1 ANN outs were [0.058060138546488504, 0.09811178656251274]
no. 1 CFD outs were [0.0587092300751875, 0.10240051590797097] delta 0.004937820874157235
CFD check no. 1 done
Doing CFD check no. 2 with parameters [0.0476156690509114, 7.737165315872632e-12]
no. 2 ANN outs were [0.7379104687643407, 0.03831427071442617]
no. 2 CFD outs were [0.7375992208058333, 0.037077865426093544] delta 0.0015476532468400792
CFD check no. 2 done
Doing CFD check no. 5 with parameters [0.10990486766355564, 8.285273809084382e-13]
no. 5 ANN outs were [0.5927432867675793, 0.053832136391922525]
no. 5 CFD outs were [0.5919520297049281, 0.051955144231696976] delta 0.0026682492228767007
CFD check no. 5 done
Doing CFD check no. 3 with parameters [0.0901966500076731, 3.828864441277749e-10]
no. 3 ANN outs were [0.07755830398675578, 0.09641187024917164]
no. 3 CFD outs were [0.07831884732037088, 0.09411902588359891] delta 0.0030533876991878234
CFD check no. 3 done
Doing CFD check no. 4 with parameters [0.09466495861345946, 5.979365342967164e-15]
no. 4 ANN outs were [0.1697637385102484, 0.08885279747752683]
no. 4 CFD outs were [0.17055775422060038, 0.08497722448863225] delta 0.004669588699246566
CFD check no. 4 done
Doing CFD check no. 6 with parameters [0.05184815310487475, 3.6915518090469877e-14]
no. 6 ANN outs were [0.6334827924522897, 0.04892112910867086]
no. 6 CFD outs were [0.633234316173327, 0.046938484090211285] delta 0.0022311212974222006
CFD check no. 6 done
Doing CFD check no. 7 with parameters [0.4803987161501635, 1.5124334051428977e-17]
no. 7 ANN outs were [1.0026897436019075, -0.0004095688917178375]
no. 7 CFD outs were [0.9995486092874242, 0.00017913337150358223] delta 0.003729836577704793
CFD check no. 7 done
Doing CFD check no. 8 with parameters [0.044460405332000304, 8.083785083086524e-13]
no. 8 ANN outs were [0.8038967072956498, 0.03127054209683067]
no. 8 CFD outs were [0.8036430801367435, 0.028045790742143594] delta 0.003478378513593384
CFD check no. 8 done
Doing CFD check no. 13 with parameters [0.09392881043327385, 3.9941044112654794e-16]
no. 13 ANN outs were [0.15263038070228707, 0.09024572447030366]
no. 13 CFD outs were [0.15346362823141274, 0.08581945728625968] delta 0.005259514713169641
CFD check no. 13 done
Doing CFD check no. 9 with parameters [0.08151890307987529, 0.010363321118582661]
no. 9 ANN outs were [-0.0017716977602650896, 0.39485006400006606]
no. 9 CFD outs were [3.956586827739177e-06, 0.3895340304147313] delta 0.0070916879324276075
CFD check no. 9 done
Doing CFD check no. 10 with parameters [0.06034794809960669, 5.9878250952929106e-15]
no. 10 ANN outs were [0.38923773263549344, 0.07185075446154476]
no. 10 CFD outs were [0.3895254504008648, 0.06965391983403185] delta 0.002484552392884254
CFD check no. 10 done
Doing CFD check no. 11 with parameters [0.10709337327639315, 1.1753297732239954e-16]
no. 11 ANN outs were [0.5149498943418733, 0.06051470131810799]
no. 11 CFD outs were [0.5141267637515552, 0.058474782465549845] delta 0.0028630494428762768
CFD check no. 11 done
Doing CFD check no. 12 with parameters [0.46862435558437476, 9.019804002975563e-18]
no. 12 ANN outs were [0.9896504979633673, 0.0012410999519254506]
no. 12 CFD outs were [0.993592364404132, 0.0010294154606926395] delta 0.004153550931997475
CFD check no. 12 done
Doing CFD check no. 14 with parameters [0.4582151263780657, 5.485589444128577e-16]
no. 14 ANN outs were [0.966793140867525, 0.006093717185957637]
no. 14 CFD outs were [0.9718267234950052, 0.00433036775522392] delta 0.006796932058213932
CFD check no. 14 done
Doing CFD check no. 15 with parameters [0.09531980142657549, 1.174147405801387e-15]
no. 15 ANN outs were [0.18555629959191688, 0.08757105196192594]
no. 15 CFD outs were [0.18630104043888382, 0.08394335832414947] delta 0.004372434484743407
CFD check no. 15 done
Last residual - 0.0039042414390318895

Done. Required error reached
==============================================
endTime = 25/09/2024 16:22:00
