
startTime = 27/09/2024 13:02:18
===================SET UP=====================
nPars = 2
nOuts = 2
nObjs = 2
nSam = 2000
deltaNSams = [2000]
nNN = 1
minN = 5
maxN = 20
nHidLay = 3
tol = 1e-05
iMax = 3
dRN = 1
nComps = 16
nSeeds = 1
trainPro = 75
valPro = 15
testPro = 10
kMax = 10000
rEStop = 1e-05
nValFails = 30
pMin = 0.0
pMax = 1.0
offSize = 100
popSize = 100
nGens = 250

Starting iteration 1
Using 2000 training samples, 399 validation samples and 268 testSamples
Created net 2_14_11_10_2
Iteration 1 - Training finished 
Iteration 1 - Best DNN found 2_14_11_10_2
Doing CFD check no. 0 with parameters [0.07373120096392169, 0.0]
no. 0 ANN outs were [0.058255448495941, 0.12134319236979785]
no. 0 CFD outs were [0.062148075870718474, 0.0904315823712598] delta 0.034804237373315526
CFD check no. 0 done
Doing CFD check no. 1 with parameters [0.07033266874530861, 0.0]
no. 1 ANN outs were [0.12141421835688537, 0.11719585126788679]
no. 1 CFD outs were [0.12518267792736576, 0.08723872229844602] delta 0.03372558853992115
CFD check no. 1 done
Doing CFD check no. 2 with parameters [0.5315487436125472, 1.6026006172948448e-17]
no. 2 ANN outs were [0.9868033329204906, 0.01606825298738479]
no. 2 CFD outs were [0.994871363536672, 0.0008595460988060302] delta 0.023276737504760205
CFD check no. 2 done
Doing CFD check no. 3 with parameters [0.06309629808561718, 1.1521965768462097e-17]
no. 3 ANN outs were [0.3103257961219934, 0.10617169494263234]
no. 3 CFD outs were [0.3095097740857948, 0.07558294475216046] delta 0.03140477222667051
CFD check no. 3 done
Doing CFD check no. 4 with parameters [0.07269850764896513, 4.1666978887648915e-17]
no. 4 ANN outs were [0.07522926915981087, 0.12017404581300295]
no. 4 CFD outs were [0.07926537797509402, 0.08968714830421268] delta 0.034523006324073416
CFD check no. 4 done
Doing CFD check no. 8 with parameters [0.2667136812726032, 4.699824288717374e-17]
no. 8 ANN outs were [0.6483885709411363, 0.06882267323155156]
no. 8 CFD outs were [0.6465786240504208, 0.045002621229089254] delta 0.025629998893177866
CFD check no. 8 done
Doing CFD check no. 5 with parameters [0.5586814816156849, 0.0]
no. 5 ANN outs were [0.9307472528956298, 0.021207234731504876]
no. 5 CFD outs were [0.9240489017274686, 0.010748600126367427] delta 0.017156985773298647
CFD check no. 5 done
Doing CFD check no. 9 with parameters [0.07593717919206652, 0.0]
no. 9 ANN outs were [0.02902365791035877, 0.12353848261263778]
no. 9 CFD outs were [0.03213828162933964, 0.09180555937246966] delta 0.03484754695914899
CFD check no. 9 done
Doing CFD check no. 6 with parameters [0.2542753529561208, 0.0]
no. 6 ANN outs were [0.5067659679475793, 0.08317017037875196]
no. 6 CFD outs were [0.5068907621673846, 0.05902207641873587] delta 0.02427288817982136
CFD check no. 6 done
Doing CFD check no. 7 with parameters [0.08138390659533166, 0.04090909374015017]
no. 7 ANN outs were [-0.0009367319324909973, 0.5111010417667508]
no. 7 CFD outs were [5.798746473302186e-06, 0.5089663536277291] delta 0.0030772188179859225
CFD check no. 7 done
Doing CFD check no. 10 with parameters [0.3995098961855572, 1.6026006172948448e-17]
no. 10 ANN outs were [0.797274484281697, 0.05454391692565386]
no. 10 CFD outs were [0.7956339580475631, 0.027648262150043196] delta 0.02853618100974457
CFD check no. 10 done
Doing CFD check no. 11 with parameters [0.06956568415849348, 0.0]
no. 11 ANN outs were [0.13839283040151074, 0.11614988055914854]
no. 11 CFD outs were [0.14189886936244675, 0.08632225424767637] delta 0.03333366527240819
CFD check no. 11 done
Doing CFD check no. 12 with parameters [0.06392388138988152, 2.7618849032097785e-17]
no. 12 ANN outs were [0.28625623886787777, 0.10753622772540594]
no. 12 CFD outs were [0.28606641148647716, 0.07728629348594468] delta 0.03043976162086187
CFD check no. 12 done
Doing CFD check no. 13 with parameters [0.06674110072596821, 1.9647068258108914e-17]
no. 13 ANN outs were [0.2080901921290006, 0.11201367524504935]
no. 13 CFD outs were [0.21001782168572974, 0.0823571628138361] delta 0.031584141987942405
CFD check no. 13 done
Doing CFD check no. 14 with parameters [0.06235944889815269, 0.0]
no. 14 ANN outs were [0.3320370696085664, 0.10494236266767931]
no. 14 CFD outs were [0.33068926353038397, 0.07394184057765757] delta 0.032348328168204155
CFD check no. 14 done
Doing CFD check no. 15 with parameters [0.07196553109959246, 0.0]
no. 15 ANN outs were [0.08848557945063151, 0.11929405625052736]
no. 15 CFD outs were [0.0925284086660931, 0.0889446479259241] delta 0.034392237540064846
CFD check no. 15 done
Last residual - 0.028334581011962484

Starting iteration 2
Using 4000 training samples, 799 validation samples and 535 testSamples
Error of best DNN from last iteration is 0.01059654210956777
Created net 2_13_9_9_2
Iteration 2 - Training finished 
Iteration 2 - Best DNN found 2_13_9_9_2
Doing CFD check no. 0 with parameters [0.05061296145304678, 2.3740033670347173e-10]
no. 0 ANN outs were [0.6659679031419801, 0.047813897654585436]
no. 0 CFD outs were [0.665368019399172, 0.048391216401282224] delta 0.0011772024895048486
CFD check no. 0 done
Doing CFD check no. 2 with parameters [0.08136513874203036, 0.05720633550862756]
no. 2 ANN outs were [-0.00030023717809779527, 0.5443962167201306]
no. 2 CFD outs were [9.134875712452923e-06, 0.5448685428977217] delta 0.000781698231401324
CFD check no. 2 done
Doing CFD check no. 1 with parameters [0.10685364946244008, 1.01888706927637e-13]
no. 1 ANN outs were [0.5073964120086059, 0.062409965524258926]
no. 1 CFD outs were [0.5073215448282794, 0.05970924260646333] delta 0.0027755900981220535
CFD check no. 1 done
Doing CFD check no. 3 with parameters [0.10685364946244008, 8.435804747935682e-14]
no. 3 ANN outs were [0.5073964120096983, 0.06240996532818199]
no. 3 CFD outs were [0.5073215448282794, 0.059675742265738414] delta 0.002809090243862493
CFD check no. 3 done
Doing CFD check no. 5 with parameters [0.041133058292622274, 8.783818222025116e-11]
no. 5 ANN outs were [0.8606975747965206, 0.024915290303545667]
no. 5 CFD outs were [0.8612876727756102, 0.024159887463566548] delta 0.0013455008190687186
CFD check no. 5 done
Doing CFD check no. 4 with parameters [0.0974381286250805, 3.462229164082669e-11]
no. 4 ANN outs were [0.24039607124841345, 0.0836851325935255]
no. 4 CFD outs were [0.2402581660134926, 0.08299022257633291] delta 0.0008328152521134419
CFD check no. 4 done
Doing CFD check no. 8 with parameters [0.10569141167312542, 1.402091634249348e-14]
no. 8 ANN outs were [0.47419602900217006, 0.06518635697542274]
no. 8 CFD outs were [0.4740670300684485, 0.062481602721947284] delta 0.0028337531871969954
CFD check no. 8 done
Doing CFD check no. 6 with parameters [0.09867448583190908, 9.042899946454921e-13]
no. 6 ANN outs were [0.2737328678137305, 0.08113226044528155]
no. 6 CFD outs were [0.27352947660052174, 0.07917225744091318] delta 0.0021633942175771498
CFD check no. 6 done
Doing CFD check no. 7 with parameters [0.10036676375725602, 7.453261264583829e-13]
no. 7 ANN outs were [0.32089745187355856, 0.07748374768282495]
no. 7 CFD outs were [0.3206458533228346, 0.0757595807108154] delta 0.0019757655227335413
CFD check no. 7 done
Doing CFD check no. 10 with parameters [0.103626889898335, 2.163643444358827e-12]
no. 10 ANN outs were [0.4145699272688965, 0.07006287024802083]
no. 10 CFD outs were [0.4143563700851634, 0.0687323642592472] delta 0.0015440631725067433
CFD check no. 10 done
Doing CFD check no. 9 with parameters [0.5607090504373908, 1.0816173137893295e-13]
no. 9 ANN outs were [0.9175575105558096, 0.011142026579153974]
no. 9 CFD outs were [0.9159413001008155, 0.012840846436877535] delta 0.0033150303127176105
CFD check no. 9 done
Doing CFD check no. 11 with parameters [0.04576310941261756, 7.03926638837544e-11]
no. 11 ANN outs were [0.7779655768959652, 0.03515643684902647]
no. 11 CFD outs were [0.777689492817725, 0.034209490206977985] delta 0.0012230307202886898
CFD check no. 11 done
Doing CFD check no. 13 with parameters [0.08976206970347646, 9.408417802620804e-09]
no. 13 ANN outs were [0.07055417266301678, 0.09673317027464945]
no. 13 CFD outs were [0.07098271424545853, 0.0998813883095597] delta 0.0035767596173520017
CFD check no. 13 done
Doing CFD check no. 12 with parameters [0.08150937524282309, 4.984051660643139e-06]
no. 12 ANN outs were [-2.4132861437209385e-05, 0.13486728366389134]
no. 12 CFD outs were [2.8107903059465993e-06, 0.13856339431019468] delta 0.003723054298046503
CFD check no. 12 done
Doing CFD check no. 14 with parameters [0.11007531795776622, 1.2251701221550534e-09]
no. 14 ANN outs were [0.596482887242836, 0.05472315710457876]
no. 14 CFD outs were [0.5965269337526178, 0.05814744226188808] delta 0.003468331667091061
CFD check no. 14 done
Doing CFD check no. 15 with parameters [0.0814447700908136, 0.32581753975616856]
no. 15 ANN outs were [-0.0024252320666318106, 0.7874423562112218]
no. 15 CFD outs were [1.5273325278473914e-07, 0.7878829848490528] delta 0.002866013437715604
CFD check no. 15 done
Last residual - 0.0022756933304561733

Starting iteration 3
Using 6000 training samples, 1200 validation samples and 800 testSamples
Error of best DNN from last iteration is 0.022124668334145607
Created net 2_13_7_10_2
Iteration 3 - Training finished 
Iteration 3 - Best DNN found 2_13_7_10_2
Doing CFD check no. 1 with parameters [0.05106185909110432, 4.147346527113692e-19]
no. 1 ANN outs were [0.6523915509109216, 0.045591793993769336]
no. 1 CFD outs were [0.6538364325772072, 0.044131176386395195] delta 0.002905499273659788
CFD check no. 1 done
Doing CFD check no. 0 with parameters [0.09613097169472926, 4.147346527113692e-19]
no. 0 ANN outs were [0.20680836785656864, 0.08517484108260165]
no. 0 CFD outs were [0.20644919882174123, 0.08253616183021796] delta 0.0029978482872110995
CFD check no. 0 done
Doing CFD check no. 2 with parameters [0.10317782172052996, 3.2896549855029954e-17]
no. 2 ANN outs were [0.4024335789084685, 0.06919548566427469]
no. 2 CFD outs were [0.40134054840873956, 0.06844093679041834] delta 0.0018475793735852758
CFD check no. 2 done
Doing CFD check no. 3 with parameters [0.05309040635784554, 5.3713846277015125e-18]
no. 3 ANN outs were [0.5983045178249142, 0.05084274172696501]
no. 3 CFD outs were [0.5997197061919884, 0.04992121027330784] delta 0.0023367198207313866
CFD check no. 3 done
Doing CFD check no. 6 with parameters [0.10112110245242827, 0.0]
no. 6 ANN outs were [0.3431366855800297, 0.07398523001352375]
no. 6 CFD outs were [0.34208497512288355, 0.0730751787385733] delta 0.001961761732096584
CFD check no. 6 done
Doing CFD check no. 4 with parameters [0.10161615257374483, 5.3713846277015125e-18]
no. 4 ANN outs were [0.35733852325092014, 0.07283529187984827]
no. 4 CFD outs were [0.3562613703655144, 0.07203453059636994] delta 0.001877914168884054
CFD check no. 4 done
Doing CFD check no. 7 with parameters [0.10217673967988287, 7.1417754094053e-18]
no. 7 ANN outs were [0.37348752460619367, 0.07153000102442864]
no. 7 CFD outs were [0.3723932467847578, 0.07076527001166938] delta 0.0018590088341950972
CFD check no. 7 done
Doing CFD check no. 5 with parameters [0.09906574867044177, 3.2896549855029954e-17]
no. 5 ANN outs were [0.28513027588085305, 0.0787071599522724]
no. 5 CFD outs were [0.28427946617086985, 0.07741617697625583] delta 0.0021417926859997605
CFD check no. 5 done
Doing CFD check no. 8 with parameters [0.03186929536714326, 3.2896549855029954e-17]
no. 8 ANN outs were [0.9598098317387016, 0.01673101340329497]
no. 8 CFD outs were [0.9600826083695418, 0.005858304046830858] delta 0.011145485987304356
CFD check no. 8 done
Doing CFD check no. 9 with parameters [0.05059573849003306, 7.1417754094053e-18]
no. 9 ANN outs were [0.6643649437075865, 0.04442841018523991]
no. 9 CFD outs were [0.6658070004652233, 0.042853724521361214] delta 0.0030167424215155614
CFD check no. 9 done
Doing CFD check no. 10 with parameters [0.09562041056422634, 6.6277037816131384e-18]
no. 10 ANN outs were [0.19394570553276091, 0.08625100676763608]
no. 10 CFD outs were [0.19368734189664136, 0.08335165456049344] delta 0.0031577158432622016
CFD check no. 10 done
Doing CFD check no. 11 with parameters [0.104535938033584, 3.2896549855029954e-17]
no. 11 ANN outs were [0.44172739062632366, 0.06603413245668754]
no. 11 CFD outs were [0.4407023430916991, 0.06510108399486113] delta 0.001958095996450984
CFD check no. 11 done
Doing CFD check no. 15 with parameters [0.04883056202238943, 9.86580937518844e-18]
no. 15 ANN outs were [0.7079661185590056, 0.040192408885476816]
no. 15 CFD outs were [0.7093679056724868, 0.03794867920477769] delta 0.0036455167941802855
CFD check no. 15 done
Doing CFD check no. 12 with parameters [0.04535293205802252, 0.0]
no. 12 ANN outs were [0.7848501577625503, 0.03274589187459798]
no. 12 CFD outs were [0.786064094281817, 0.028731688838826958] delta 0.005228139555037731
CFD check no. 12 done
Doing CFD check no. 13 with parameters [0.09147330088931521, 6.6277037816131384e-18]
no. 13 ANN outs were [0.10110400687456766, 0.09420429006066033]
no. 13 CFD outs were [0.10166951604363442, 0.08853031425058017] delta 0.00623948497914692
CFD check no. 13 done
Doing CFD check no. 14 with parameters [0.09659248452995547, 3.2896549855029954e-17]
no. 14 ANN outs were [0.2186552693663381, 0.08418768374198438]
no. 14 CFD outs were [0.2182076808825685, 0.0818493418141653] delta 0.0027859304115886857
CFD check no. 14 done
Last residual - 0.0034440772603031105

Done. Required error reached
==============================================
endTime = 27/09/2024 13:50:01
