
startTime = 25/09/2024 14:12:17
===================SET UP=====================
nPars = 2
nOuts = 2
nObjs = 2
nSam = 2000
deltaNSams = [2000]
nNN = 1
minN = 5
maxN = 20
nHidLay = 3
tol = 1e-05
iMax = 3
dRN = 1
nComps = 16
nSeeds = 1
trainPro = 75
valPro = 15
testPro = 10
kMax = 10000
rEStop = 1e-05
nValFails = 30
pMin = 0.0
pMax = 1.0
offSize = 100
popSize = 100
nGens = 250

Starting iteration 1
Using 2000 training samples, 399 validation samples and 268 testSamples
Created net 2_12_14_9_2
Iteration 1 - Training finished 
Iteration 1 - Best DNN found 2_12_14_9_2
Doing CFD check no. 0 with parameters [0.08190635069523033, 0.5587335426807505]
no. 0 ANN outs were [-0.010818608377036854, 0.8895540936635289]
no. 0 CFD outs were [0.00021463972589169452, 0.887271906052765] delta 0.013315435713692479
CFD check no. 0 done
Doing CFD check no. 2 with parameters [0.09450725623053112, 0.0]
no. 2 ANN outs were [0.16616667405016483, 0.10182654002217095]
no. 2 CFD outs were [0.16684041692970009, 0.08490046727210826] delta 0.017599815629597948
CFD check no. 2 done
Doing CFD check no. 1 with parameters [0.08475188110091177, 0.7122544427304587]
no. 1 ANN outs were [-0.0674396728502189, 0.9440383479457743]
no. 1 CFD outs were [0.011504505646123205, 0.9365140151545022] delta 0.08646851128761429
CFD check no. 1 done
Doing CFD check no. 3 with parameters [0.08907033717556352, 2.844287313618306e-17]
no. 3 ANN outs were [0.05894678860306457, 0.10838279025363917]
no. 3 CFD outs were [0.059977244152966215, 0.09060758393571162] delta 0.018805661867829192
CFD check no. 3 done
Doing CFD check no. 4 with parameters [0.08653204030203787, 0.9705374627258274]
no. 4 ANN outs were [-0.1612563997873364, 1.013892935716168]
no. 4 CFD outs were [0.02708585899762735, 1.0037648773537224] delta 0.19847031714740923
CFD check no. 4 done
Doing CFD check no. 5 with parameters [0.2555120708784009, 3.320282475699721e-17]
no. 5 ANN outs were [0.5158231482143327, 0.07853599524464894]
no. 5 CFD outs were [0.5156322748680102, 0.05829572993602632] delta 0.02043113865494512
CFD check no. 5 done
Doing CFD check no. 6 with parameters [0.09493571660452967, 0.0]
no. 6 ANN outs were [0.17640297896009305, 0.10120645775984372]
no. 6 CFD outs were [0.17700797583044936, 0.08430219062812065] delta 0.017509264002079375
CFD check no. 6 done
Doing CFD check no. 10 with parameters [0.08475188110091177, 0.7398403494826733]
no. 10 ANN outs were [-0.0819520774539404, 0.9529396431347061]
no. 10 CFD outs were [0.011504505646123205, 0.9445040588686198] delta 0.10189216736614998
CFD check no. 10 done
Doing CFD check no. 7 with parameters [0.09663413325779983, 2.590174218143829e-17]
no. 7 ANN outs were [0.21897669078868365, 0.09862268186735168]
no. 7 CFD outs were [0.21927875356804213, 0.08177634957033703] delta 0.01714839507637314
CFD check no. 7 done
Doing CFD check no. 8 with parameters [0.08224056915948794, 0.6742231442214033]
no. 8 ANN outs were [-0.04982552704008303, 0.9311198126103344]
no. 8 CFD outs were [0.000653493367930362, 0.9251577840962657] delta 0.05644104892208208
CFD check no. 8 done
Doing CFD check no. 9 with parameters [0.08151551944171642, 0.0006841154555233607]
no. 9 ANN outs were [-0.00019928779710032263, 0.24830848129951377]
no. 9 CFD outs were [3.5274920329536676e-06, 0.24512176749106152] delta 0.0033895290975855335
CFD check no. 9 done
Doing CFD check no. 14 with parameters [0.10413956986951015, 5.2602435058298836e-17]
no. 14 ANN outs were [0.43000033223590906, 0.08539976168273888]
no. 14 CFD outs were [0.42921909770544586, 0.06610373975487084] delta 0.020077256458331236
CFD check no. 14 done
Doing CFD check no. 11 with parameters [0.08325358200324301, 0.6795708179406014]
no. 11 ANN outs were [-0.0533944677352004, 0.9330434151948408]
no. 11 CFD outs were [0.0034336916563153237, 0.9267776962223746] delta 0.06309387836398192
CFD check no. 11 done
Doing CFD check no. 12 with parameters [0.08475188110091177, 0.7689878671175766]
no. 12 ANN outs were [-0.09700710195329798, 0.9619970550282959]
no. 12 CFD outs were [0.011504505646123205, 0.9527070815375864] delta 0.11780158109013067
CFD check no. 12 done
Doing CFD check no. 13 with parameters [0.584149371916417, 4.2364459691942184e-17]
no. 13 ANN outs were [0.8455012556247105, 0.03670082410486053]
no. 13 CFD outs were [0.8657062646133238, 0.018728647994969806] delta 0.038177185098504055
CFD check no. 13 done
Doing CFD check no. 15 with parameters [0.08475188110091177, 0.7625525199974836]
no. 15 ANN outs were [-0.09373647748521796, 0.9600292162322104]
no. 15 CFD outs were [0.011504505646123205, 0.9509163055053511] delta 0.11435389385820044
CFD check no. 15 done
Last residual - 0.05656094247715668

Starting iteration 2
Using 4000 training samples, 799 validation samples and 535 testSamples
Error of best DNN from last iteration is 0.010732391549207397
Created net 2_9_15_10_2
Iteration 2 - Training finished 
Iteration 2 - Best DNN found 2_9_15_10_2
Doing CFD check no. 0 with parameters [0.046647954878221536, 0.0]
no. 0 ANN outs were [0.758377277342362, 0.03641002992926223]
no. 0 CFD outs were [0.7589985384118315, 0.03202532123506912] delta 0.0050059697636625836
CFD check no. 0 done
Doing CFD check no. 1 with parameters [0.106236672558046, 1.6433984513764393e-17]
no. 1 ANN outs were [0.4897874659865148, 0.06421838849053918]
no. 1 CFD outs were [0.48971706515574925, 0.060700314435873225] delta 0.0035884748854314932
CFD check no. 1 done
Doing CFD check no. 2 with parameters [0.09902574262746792, 0.0]
no. 2 ANN outs were [0.2829346573024296, 0.08080817667890683]
no. 2 CFD outs were [0.28317591653897434, 0.0774088597254462] delta 0.0036405761900053513
CFD check no. 2 done
Doing CFD check no. 3 with parameters [0.09383836026505314, 1.0128641744579881e-17]
no. 3 ANN outs were [0.15132363991149012, 0.09075597439270222]
no. 3 CFD outs were [0.1514096434332805, 0.08584692218360956] delta 0.004995055730883047
CFD check no. 3 done
Doing CFD check no. 4 with parameters [0.09932944268620238, 0.0]
no. 4 ANN outs were [0.2913384616464142, 0.08016053033495263]
no. 4 CFD outs were [0.2915771496302765, 0.07681301929823321] delta 0.0035861990205817013
CFD check no. 4 done
Doing CFD check no. 8 with parameters [0.10287154699148761, 2.2785429240221777e-17]
no. 8 ANN outs were [0.3923501683213679, 0.07221626167440842]
no. 8 CFD outs were [0.3924709698002657, 0.06916319158402455] delta 0.003173871569281686
CFD check no. 8 done
Doing CFD check no. 5 with parameters [0.09951648107281315, 0.0]
no. 5 ANN outs were [0.29654110446412335, 0.07975865686381933]
no. 5 CFD outs were [0.2967775383486697, 0.07644049138315161] delta 0.0035545993652140867
CFD check no. 5 done
Doing CFD check no. 10 with parameters [0.04825214601194585, 2.2785429240221777e-17]
no. 10 ANN outs were [0.7226000762909299, 0.040883538709476586]
no. 10 CFD outs were [0.7229943815258872, 0.036391088428663364] delta 0.004886755515770537
CFD check no. 10 done
Doing CFD check no. 9 with parameters [0.09891340794205335, 0.0]
no. 9 ANN outs were [0.279840589391206, 0.08104616644229301]
no. 9 CFD outs were [0.2800824547267449, 0.07762639676888272] delta 0.0036616350089492267
CFD check no. 9 done
Doing CFD check no. 6 with parameters [0.09361552110102436, 1.6433984513764393e-17]
no. 6 ANN outs were [0.1463213893541208, 0.09112906117345432]
no. 6 CFD outs were [0.14639407750532327, 0.0861374086616111] delta 0.005064340663045674
CFD check no. 6 done
Doing CFD check no. 12 with parameters [0.04288844841156733, 1.0128641744579881e-17]
no. 12 ANN outs were [0.8314652146751553, 0.02695015854669247]
no. 12 CFD outs were [0.8324323462841329, 0.02300199619231465] delta 0.004915293963355365
CFD check no. 12 done
Doing CFD check no. 7 with parameters [0.10214187721774341, 0.0]
no. 7 ANN outs were [0.3712317786805046, 0.07390359668386726]
no. 7 CFD outs were [0.37138798110618293, 0.07078424070089694] delta 0.0032755584086486406
CFD check no. 7 done
Doing CFD check no. 11 with parameters [0.10773148348475688, 1.6433984513764393e-17]
no. 11 ANN outs were [0.5322782399523456, 0.06060680839610866]
no. 11 CFD outs were [0.532131451762835, 0.05670226587984409] delta 0.004051330705775097
CFD check no. 11 done
Doing CFD check no. 13 with parameters [0.09604708545723384, 1.6433984513764393e-17]
no. 13 ANN outs were [0.2041399564323098, 0.08680070952472452]
no. 13 CFD outs were [0.20433421866179996, 0.08270921912694673] delta 0.004285752627267936
CFD check no. 13 done
Doing CFD check no. 14 with parameters [0.5552598207985776, 1.0128641744579881e-17]
no. 14 ANN outs were [0.9406280244154639, 0.00641864505669254]
no. 14 CFD outs were [0.9375843408158115, 0.008975445456039333] delta 0.00560048399899914
CFD check no. 14 done
Doing CFD check no. 15 with parameters [0.8196518291047545, 2.2665785288501136e-17]
no. 15 ANN outs were [0.9531327172432098, -8.4404598837588]
no. 15 CFD outs were [0.9999855816322962, 0.00012767938749009585] delta 8.487440427535375
CFD check no. 15 done
Last residual - 0.5344203953095155

Starting iteration 3
Using 6000 training samples, 1200 validation samples and 800 testSamples
Error of best DNN from last iteration is 0.02504470854434171
Created net 2_10_13_8_2
Iteration 3 - Training finished 
Iteration 3 - Best DNN found 2_10_13_8_2
Doing CFD check no. 1 with parameters [0.08145299056659885, 0.6634383399741336]
no. 1 ANN outs were [-0.014366444743613371, 0.9314393891732768]
no. 1 CFD outs were [-3.7230311874302636e-09, 0.9218389009333288] delta 0.023966929260530262
CFD check no. 1 done
Doing CFD check no. 0 with parameters [0.04792072161344262, 2.173100417101242e-15]
no. 0 ANN outs were [0.7306190587949093, 0.04027241968916817]
no. 0 CFD outs were [0.7306509961149863, 0.0357168402950849] delta 0.004587516714160272
CFD check no. 0 done
Doing CFD check no. 3 with parameters [0.07670503357326126, 0.0]
no. 3 ANN outs were [0.023992220237045503, 0.10067573331297286]
no. 3 CFD outs were [0.023901099861153026, 0.09216620914514335] delta 0.008600644543721982
CFD check no. 3 done
Doing CFD check no. 2 with parameters [0.08146044452856918, 0.0005875224888263193]
no. 2 ANN outs were [0.0002561919345820396, 0.22987202274777863]
no. 2 CFD outs were [-2.089580077538972e-08, 0.23955130711756248] delta 0.009935497200166668
CFD check no. 2 done
Doing CFD check no. 6 with parameters [0.08155813891008114, 0.010791931564239243]
no. 6 ANN outs were [-0.0013039638907210716, 0.3940122873953662]
no. 6 CFD outs were [1.0716729827832214e-05, 0.39250702504022883] delta 0.002819942975686275
CFD check no. 6 done
Doing CFD check no. 4 with parameters [0.10871640217800796, 2.512374260282673e-15]
no. 4 ANN outs were [0.5602081230532516, 0.05657747635249866]
no. 4 CFD outs were [0.5595584354120815, 0.054230535972126855] delta 0.002996628021541929
CFD check no. 4 done
Doing CFD check no. 8 with parameters [0.0740834334346317, 0.0]
no. 8 ANN outs were [0.05665739579201867, 0.09813430521907707]
no. 8 CFD outs were [0.05674504416921889, 0.09068591250730133] delta 0.007536041088975952
CFD check no. 8 done
Doing CFD check no. 10 with parameters [0.10174736051168493, 0.0]
no. 10 ANN outs were [0.3599376649398287, 0.07405750059713201]
no. 10 CFD outs were [0.36003037097132523, 0.07168285389218548] delta 0.0024673527364430514
CFD check no. 10 done
Doing CFD check no. 5 with parameters [0.04182779526541989, 3.529408181042617e-14]
no. 5 ANN outs were [0.8501825575940041, 0.027045971201244523]
no. 5 CFD outs were [0.8502822218625594, 0.021317723767186516] delta 0.005827911702613351
CFD check no. 5 done
Doing CFD check no. 7 with parameters [0.10227148482261392, 0.0]
no. 7 ANN outs were [0.3751046353742913, 0.07277149380185355]
no. 7 CFD outs were [0.3751264341166337, 0.07048550179635366] delta 0.00230779074784232
CFD check no. 7 done
Doing CFD check no. 9 with parameters [0.06485626948612996, 0.0]
no. 9 ANN outs were [0.2599370889272874, 0.08225881327632534]
no. 9 CFD outs were [0.2601841241486514, 0.079001741360068] delta 0.0035041071376213234
CFD check no. 9 done
Doing CFD check no. 11 with parameters [0.06719575687193263, 2.150430749489306e-17]
no. 11 ANN outs were [0.19811890724283443, 0.08715156183911166]
no. 11 CFD outs were [0.19842655393771302, 0.08307958871488999] delta 0.004379619819100261
CFD check no. 11 done
Doing CFD check no. 15 with parameters [0.08186921492761404, 0.9705840904105059]
no. 15 ANN outs were [-0.05377905995048593, 1.015763966405212]
no. 15 CFD outs were [0.00018057207386060764, 1.003890255093066] delta 0.06583334333649263
CFD check no. 15 done
Doing CFD check no. 12 with parameters [0.040350190948886436, 2.150430749489306e-17]
no. 12 ANN outs were [0.8729774493338764, 0.024295769741208506]
no. 12 CFD outs were [0.8730431574132868, 0.01774127032309458] delta 0.006620207497524237
CFD check no. 12 done
Doing CFD check no. 13 with parameters [0.0629384785609478, 0.0]
no. 13 ANN outs were [0.3138606323545938, 0.07791678152891546]
no. 13 CFD outs were [0.31402380228133997, 0.07518480696526528] delta 0.002895144490396323
CFD check no. 13 done
Doing CFD check no. 14 with parameters [0.10220374527543537, 7.689079455252786e-14]
no. 14 ANN outs were [0.3731410791740113, 0.07293831302410148]
no. 14 CFD outs were [0.37317212299281416, 0.07126509910956216] delta 0.0017042577333421793
CFD check no. 14 done
Last residual - 0.009748933437884938

Done. Required error reached
==============================================
endTime = 25/09/2024 15:10:17
